d:\mscs\cs529\git\noobengine\debug\weaponcomponent.obj
d:\mscs\cs529\git\noobengine\debug\mousecomponent.obj
d:\mscs\cs529\git\noobengine\debug\objectfactory.obj
d:\mscs\cs529\git\noobengine\debug\bodycomponent.obj
d:\mscs\cs529\git\noobengine\debug\inputhandler.obj
d:\mscs\cs529\git\noobengine\debug\event.obj
d:\mscs\cs529\git\noobengine\debug\mousevent.obj
d:\mscs\cs529\git\noobengine\debug\shapecomponent.obj
d:\mscs\cs529\git\noobengine\debug\enums.obj
d:\mscs\cs529\git\noobengine\debug\maincomponent.obj
d:\mscs\cs529\git\noobengine\debug\gameobjectmanager.obj
d:\mscs\cs529\git\noobengine\debug\aabbshape.obj
d:\mscs\cs529\git\noobengine\debug\animationcomponent.obj
d:\mscs\cs529\git\noobengine\debug\transformcomponent.obj
d:\mscs\cs529\git\noobengine\debug\bodyanimationcomponent.obj
d:\mscs\cs529\git\noobengine\debug\engine.obj
d:\mscs\cs529\git\noobengine\debug\playerhit.obj
d:\mscs\cs529\git\noobengine\debug\serializer.obj
d:\mscs\cs529\git\noobengine\debug\circleshape.obj
d:\mscs\cs529\git\noobengine\debug\componentmanager.obj
d:\mscs\cs529\git\noobengine\debug\physicsmanager.obj
d:\mscs\cs529\git\noobengine\debug\rendercomponent.obj
d:\mscs\cs529\git\noobengine\debug\collisionevent.obj
d:\mscs\cs529\git\noobengine\debug\controllercomponent.obj
d:\mscs\cs529\git\noobengine\debug\manifold.obj
d:\mscs\cs529\git\noobengine\debug\main.obj
d:\mscs\cs529\git\noobengine\debug\shape.obj
d:\mscs\cs529\git\noobengine\debug\contactmanager.obj
d:\mscs\cs529\git\noobengine\debug\gameobject.obj
d:\mscs\cs529\git\noobengine\debug\eventmanager.obj
d:\mscs\cs529\git\noobengine\debug\scenemanager.obj
d:\mscs\cs529\git\noobengine\debug\bulletcomponent.obj
d:\mscs\cs529\git\noobengine\debug\enginelogger.obj
d:\mscs\cs529\git\noobengine\debug\mouseeventdispatcher.obj
d:\mscs\cs529\git\noobengine\debug\timeevent.obj
d:\mscs\cs529\git\noobengine\debug\sprite.obj
d:\mscs\cs529\git\noobengine\debug\resourcemanager.obj
d:\mscs\cs529\git\noobengine\debug\renderer.obj
d:\mscs\cs529\git\noobengine\debug\textureloader.obj
d:\mscs\cs529\git\noobengine\debug\enableshoot.obj
d:\mscs\cs529\git\noobengine\debug\disableobject.obj
d:\mscs\cs529\git\noobengine\debug\cameracomponent.obj
d:\mscs\cs529\git\noobengine\debug\buttoncomponent.obj
d:\mscs\cs529\git\noobengine\debug\bullethit.obj
d:\mscs\cs529\git\noobengine\debug\boundingbox.obj
d:\mscs\cs529\git\noobengine\debug\fpscontroller.obj
d:\mscs\cs529\git\noobengine\debug\enemy1ai.obj
d:\mscs\cs529\git\noobengine\debug\bossai.obj
d:\mscs\cs529\git\noobengine\debug\math2d.obj
d:\mscs\cs529\git\noobengine\debug\reloadevent.obj
d:\mscs\cs529\git\noobengine\debug\healthcomponent.obj
d:\mscs\cs529\git\noobengine\debug\window.obj
d:\mscs\cs529\git\noobengine\debug\homingmissile.obj
d:\mscs\cs529\git\noobengine\debug\particle.obj
d:\mscs\cs529\git\noobengine\debug\particlemanager.obj
d:\mscs\cs529\git\noobengine\debug\mat4.obj
d:\mscs\cs529\git\noobengine\debug\vec2.obj
d:\mscs\cs529\git\noobengine\debug\vec4.obj
d:\mscs\cs529\git\noobengine\debug\shader.obj
d:\mscs\cs529\git\noobengine\debug\keyboardlistener.obj
d:\mscs\cs529\git\noobengine\debug\matrix2d.obj
d:\mscs\cs529\git\noobengine\debug\vector2d.obj
d:\mscs\cs529\git\noobengine\debug\filehandler.obj
d:\mscs\cs529\git\noobengine\debug\textconverter.obj
d:\mscs\cs529\git\noobengine\debug\keyboardeventdispatcher.obj
d:\mscs\cs529\git\noobengine\debug\timer.obj
d:\mscs\cs529\git\noobengine\debug\vec3.obj
d:\mscs\cs529\git\noobengine\debug\mouselistener.obj
d:\mscs\cs529\git\noobengine\debug\vc141.pdb
d:\mscs\cs529\git\noobengine\debug\vc141.idb
d:\mscs\cs529\git\noobengine\debug\uicomponent.obj
d:\mscs\cs529\git\noobengine\debug\linesegment2d.obj
d:\mscs\cs529\git\noobengine\debug\noobengine.exe
d:\mscs\cs529\git\noobengine\debug\noobengine.ilk
d:\mscs\cs529\git\noobengine\debug\noobengine.pdb
d:\mscs\cs529\git\noobengine\debug\bodycomponent.obj.enc
d:\mscs\cs529\git\noobengine\debug\bulletcomponent.obj.enc
d:\mscs\cs529\git\noobengine\debug\gameobject.obj.enc
d:\mscs\cs529\git\noobengine\debug\healthcomponent.obj.enc
d:\mscs\cs529\git\noobengine\debug\weaponcomponent.obj.enc
d:\mscs\cs529\git\noobengine\debug\noobengine.tlog\cl.command.1.tlog
d:\mscs\cs529\git\noobengine\debug\noobengine.tlog\cl.read.1.tlog
d:\mscs\cs529\git\noobengine\debug\noobengine.tlog\cl.write.1.tlog
d:\mscs\cs529\git\noobengine\debug\noobengine.tlog\link.command.1.tlog
d:\mscs\cs529\git\noobengine\debug\noobengine.tlog\link.read.1.tlog
d:\mscs\cs529\git\noobengine\debug\noobengine.tlog\link.write.1.tlog
